Traceback (most recent call last):
  File "C:\Users\skorczewskit\Anaconda3\lib\site-packages\jupyter_cache\executors\utils.py", line 58, in single_nb_execution
    executenb(
  File "C:\Users\skorczewskit\Anaconda3\lib\site-packages\nbclient\client.py", line 1204, in execute
    return NotebookClient(nb=nb, resources=resources, km=km, **kwargs).execute()
  File "C:\Users\skorczewskit\Anaconda3\lib\site-packages\nbclient\util.py", line 84, in wrapped
    return just_run(coro(*args, **kwargs))
  File "C:\Users\skorczewskit\Anaconda3\lib\site-packages\nbclient\util.py", line 62, in just_run
    return loop.run_until_complete(coro)
  File "C:\Users\skorczewskit\Anaconda3\lib\asyncio\base_events.py", line 647, in run_until_complete
    return future.result()
  File "C:\Users\skorczewskit\Anaconda3\lib\site-packages\nbclient\client.py", line 663, in async_execute
    await self.async_execute_cell(
  File "C:\Users\skorczewskit\Anaconda3\lib\site-packages\nbclient\client.py", line 965, in async_execute_cell
    await self._check_raise_for_error(cell, cell_index, exec_reply)
  File "C:\Users\skorczewskit\Anaconda3\lib\site-packages\nbclient\client.py", line 862, in _check_raise_for_error
    raise CellExecutionError.from_cell_and_msg(cell, exec_reply_content)
nbclient.exceptions.CellExecutionError: An error occurred while executing the following cell:
------------------
b1gnames = ['Illinois','Michigan','Maryland','Michigan State','Iowa','Ohio State','Northwestern',
           'Rutgers','Indiana','Nebraska','Minnesota','Purdue','Penn State','Wisconsin']

tmat = np.zeros((14,14))

tmat[0,:] = np.array([0,0,0,0,0,0,0,2,0,0,2,1,0,0])
tmat[1,:] = np.array([1,0,1,0,0,0,1,1,0,1,2,1,2,0])
tmat[2,:] = np.array([1,1,0,0,1,2,2,1,0,1,0,1,1,1])
tmat[3,:] = np.array([1,1,1,0,0,2,1,2,1,0,1,0,2,1])
tmat[4,:] = np.array([1,2,0,2,0,0,1,1,0,1,1,2,1,0])
tmat[5,:] = np.array([2,1,0,0,1,0,2,2,0,1,1,0,1,0])
tmat[6,:] = np.array([1,0,0,0,0,0,0,1,0,2,2,0,1,1])
tmat[7,:] = np.array([0,0,0,0,0,0,0,0,0,0,1,0,0,0])
tmat[8,:] = np.array([2,1,1,0,2,1,1,1,0,2,2,1,0,1])
tmat[9,:] = np.array([1,0,0,1,0,0,0,2,0,0,1,0,1,0])
tmat[10,:] = np.array([0,0,1,0,0,0,0,1,0,0,0,0,0,0])
tmat[11,:] = np.array([0,1,1,1,0,1,1,1,0,2,1,0,1,2])
tmat[12,:] = np.array([1,0,0,0,1,0,1,1,1,1,1,0,0,0])
tmat[13,:] = np.array([2,1,1,1,1,1,0,1,1,1,1,0,1,0])

print(tmat)
------------------

[1;31m---------------------------------------------------------------------------[0m
[1;31mNameError[0m                                 Traceback (most recent call last)
Input [1;32mIn [1][0m, in [0;36m<cell line: 4>[1;34m()[0m
[0;32m      1[0m b1gnames [38;5;241m=[39m [[38;5;124m'[39m[38;5;124mIllinois[39m[38;5;124m'[39m,[38;5;124m'[39m[38;5;124mMichigan[39m[38;5;124m'[39m,[38;5;124m'[39m[38;5;124mMaryland[39m[38;5;124m'[39m,[38;5;124m'[39m[38;5;124mMichigan State[39m[38;5;124m'[39m,[38;5;124m'[39m[38;5;124mIowa[39m[38;5;124m'[39m,[38;5;124m'[39m[38;5;124mOhio State[39m[38;5;124m'[39m,[38;5;124m'[39m[38;5;124mNorthwestern[39m[38;5;124m'[39m,
[0;32m      2[0m            [38;5;124m'[39m[38;5;124mRutgers[39m[38;5;124m'[39m,[38;5;124m'[39m[38;5;124mIndiana[39m[38;5;124m'[39m,[38;5;124m'[39m[38;5;124mNebraska[39m[38;5;124m'[39m,[38;5;124m'[39m[38;5;124mMinnesota[39m[38;5;124m'[39m,[38;5;124m'[39m[38;5;124mPurdue[39m[38;5;124m'[39m,[38;5;124m'[39m[38;5;124mPenn State[39m[38;5;124m'[39m,[38;5;124m'[39m[38;5;124mWisconsin[39m[38;5;124m'[39m]
[1;32m----> 4[0m tmat [38;5;241m=[39m [43mnp[49m[38;5;241m.[39mzeros(([38;5;241m14[39m,[38;5;241m14[39m))
[0;32m      6[0m tmat[[38;5;241m0[39m,:] [38;5;241m=[39m np[38;5;241m.[39marray([[38;5;241m0[39m,[38;5;241m0[39m,[38;5;241m0[39m,[38;5;241m0[39m,[38;5;241m0[39m,[38;5;241m0[39m,[38;5;241m0[39m,[38;5;241m2[39m,[38;5;241m0[39m,[38;5;241m0[39m,[38;5;241m2[39m,[38;5;241m1[39m,[38;5;241m0[39m,[38;5;241m0[39m])
[0;32m      7[0m tmat[[38;5;241m1[39m,:] [38;5;241m=[39m np[38;5;241m.[39marray([[38;5;241m1[39m,[38;5;241m0[39m,[38;5;241m1[39m,[38;5;241m0[39m,[38;5;241m0[39m,[38;5;241m0[39m,[38;5;241m1[39m,[38;5;241m1[39m,[38;5;241m0[39m,[38;5;241m1[39m,[38;5;241m2[39m,[38;5;241m1[39m,[38;5;241m2[39m,[38;5;241m0[39m])

[1;31mNameError[0m: name 'np' is not defined
NameError: name 'np' is not defined

